Using pre-set license
Built from '2020.3/staging' branch; Version is '2020.3.9f1 (108be757e447) revision 1084391'; Using compiler version '192528614'; Build Type 'Release'
OS: 'Windows 10 Pro; OS build 19042.985; Version 2009; 64bit' Language: 'it' Physical Memory: 16334 MB
BatchMode: 1, IsHumanControllingUs: 0, StartBugReporterOnCrash: 0, Is64bit: 1, IsPro: 0

 COMMAND LINE ARGUMENTS:
D:\2020.3.9f1\Editor\Unity.exe
-adb2
-batchMode
-noUpm
-name
AssetImportWorker0
-projectPath
C:/Users/BatRaf/Documents/unity tutorial/UnityTutorialz/Prototype 2
-logFile
Logs/AssetImportWorker0.log
-srvPort
52244
Successfully changed project path to: C:/Users/BatRaf/Documents/unity tutorial/UnityTutorialz/Prototype 2
C:/Users/BatRaf/Documents/unity tutorial/UnityTutorialz/Prototype 2
Using Asset Import Pipeline V2.
Refreshing native plugins compatible for Editor in 26.79 ms, found 0 plugins.
Preloading 0 native plugins for Editor in 0.00 ms.
Initialize engine version: 2020.3.9f1 (108be757e447)
[Subsystems] Discovering subsystems at path D:/2020.3.9f1/Editor/Data/Resources/UnitySubsystems
[Subsystems] Discovering subsystems at path C:/Users/BatRaf/Documents/unity tutorial/UnityTutorialz/Prototype 2/Assets
GfxDevice: creating device client; threaded=0
Direct3D:
    Version:  Direct3D 11.0 [level 11.1]
    Renderer: Radeon RX 570 Series (ID=0x67df)
    Vendor:   
    VRAM:     4075 MB
    Driver:   27.20.15003.5017
Initialize mono
Mono path[0] = 'D:/2020.3.9f1/Editor/Data/Managed'
Mono path[1] = 'D:/2020.3.9f1/Editor/Data/MonoBleedingEdge/lib/mono/unityjit'
Mono config path = 'D:/2020.3.9f1/Editor/Data/MonoBleedingEdge/etc'
Using monoOptions --debugger-agent=transport=dt_socket,embedding=1,server=y,suspend=n,address=127.0.0.1:56808
Begin MonoManager ReloadAssembly
Registering precompiled unity dll's ...
Register platform support module: D:/2020.3.9f1/Editor/Data/PlaybackEngines/WebGLSupport/UnityEditor.WebGL.Extensions.dll
Register platform support module: D:/2020.3.9f1/Editor/Data/PlaybackEngines/WindowsStandaloneSupport/UnityEditor.WindowsStandalone.Extensions.dll
Registered in 0.002463 seconds.
Native extension for WindowsStandalone target not found
Native extension for WebGL target not found
Refreshing native plugins compatible for Editor in 25.81 ms, found 0 plugins.
Preloading 0 native plugins for Editor in 0.00 ms.
Mono: successfully reloaded assembly
- Completed reload, in  1.609 seconds
Platform modules already initialized, skipping
Registering precompiled user dll's ...
Registered in 0.000827 seconds.
Begin MonoManager ReloadAssembly
Native extension for WindowsStandalone target not found
Native extension for WebGL target not found
Refreshing native plugins compatible for Editor in 0.20 ms, found 0 plugins.
Preloading 0 native plugins for Editor in 0.00 ms.
Mono: successfully reloaded assembly
- Completed reload, in  0.917 seconds
Platform modules already initialized, skipping
========================================================================
Worker process is ready to serve import requests
Launched and connected shader compiler UnityShaderCompiler.exe after 0.05 seconds
Refreshing native plugins compatible for Editor in 0.19 ms, found 0 plugins.
Preloading 0 native plugins for Editor in 0.00 ms.
Unloading 1119 Unused Serialized files (Serialized files now loaded: 0)
System memory in use before: 57.6 MB.
System memory in use after: 57.6 MB.

Unloading 10 unused Assets to reduce memory usage. Loaded Objects now: 1562.
Total: 1.581700 ms (FindLiveObjects: 0.116900 ms CreateObjectMapping: 0.027100 ms MarkObjects: 1.352400 ms  DeleteObjects: 0.084200 ms)

========================================================================
Received Import Request.
  path: Assets/Scripts/SpawnManager.cs
  artifactKey: Guid(7211edbc0c990c94e960c350e5cacfeb) Importer(815301076,1909f56bfc062723c751e8b465ee728b)
Start importing Assets/Scripts/SpawnManager.cs using Guid(7211edbc0c990c94e960c350e5cacfeb) Importer(815301076,1909f56bfc062723c751e8b465ee728b)  -> (artifact id: 'fda9ac08781774de386cddca2cf2869c') in 0.043681 seconds
  Import took 0.045539 seconds .

========================================================================
Received Prepare
Registering precompiled user dll's ...
Registered in 0.000794 seconds.
Begin MonoManager ReloadAssembly
Native extension for WindowsStandalone target not found
Native extension for WebGL target not found
Refreshing native plugins compatible for Editor in 0.20 ms, found 0 plugins.
Preloading 0 native plugins for Editor in 0.00 ms.
Mono: successfully reloaded assembly
- Completed reload, in  0.800 seconds
Platform modules already initialized, skipping
Refreshing native plugins compatible for Editor in 0.19 ms, found 0 plugins.
Preloading 0 native plugins for Editor in 0.00 ms.
Unloading 1114 Unused Serialized files (Serialized files now loaded: 0)
System memory in use before: 57.5 MB.
System memory in use after: 57.6 MB.

Unloading 5 unused Assets to reduce memory usage. Loaded Objects now: 1565.
Total: 1.701100 ms (FindLiveObjects: 0.149000 ms CreateObjectMapping: 0.033700 ms MarkObjects: 1.463100 ms  DeleteObjects: 0.054200 ms)

========================================================================
Received Prepare
Registering precompiled user dll's ...
Registered in 0.001087 seconds.
Begin MonoManager ReloadAssembly
Native extension for WindowsStandalone target not found
Native extension for WebGL target not found
Refreshing native plugins compatible for Editor in 0.29 ms, found 0 plugins.
Preloading 0 native plugins for Editor in 0.00 ms.
Mono: successfully reloaded assembly
- Completed reload, in  0.802 seconds
Platform modules already initialized, skipping
Refreshing native plugins compatible for Editor in 0.19 ms, found 0 plugins.
Preloading 0 native plugins for Editor in 0.00 ms.
Unloading 1114 Unused Serialized files (Serialized files now loaded: 0)
System memory in use before: 57.5 MB.
System memory in use after: 57.6 MB.

Unloading 5 unused Assets to reduce memory usage. Loaded Objects now: 1568.
Total: 1.619500 ms (FindLiveObjects: 0.136500 ms CreateObjectMapping: 0.025500 ms MarkObjects: 1.402000 ms  DeleteObjects: 0.053900 ms)

========================================================================
Received Prepare
Registering precompiled user dll's ...
Registered in 0.000785 seconds.
Begin MonoManager ReloadAssembly
Native extension for WindowsStandalone target not found
Native extension for WebGL target not found
Refreshing native plugins compatible for Editor in 0.20 ms, found 0 plugins.
Preloading 0 native plugins for Editor in 0.00 ms.
Mono: successfully reloaded assembly
- Completed reload, in  0.799 seconds
Platform modules already initialized, skipping
Refreshing native plugins compatible for Editor in 0.19 ms, found 0 plugins.
Preloading 0 native plugins for Editor in 0.00 ms.
Unloading 1114 Unused Serialized files (Serialized files now loaded: 0)
System memory in use before: 57.5 MB.
System memory in use after: 57.6 MB.

Unloading 5 unused Assets to reduce memory usage. Loaded Objects now: 1571.
Total: 1.950500 ms (FindLiveObjects: 0.164000 ms CreateObjectMapping: 0.066300 ms MarkObjects: 1.659800 ms  DeleteObjects: 0.058600 ms)

========================================================================
Received Import Request.
  Time since last request: 770.859863 seconds.
  path: Assets/Scripts/PlayerController.cs
  artifactKey: Guid(dc8cf48789aeae4439739d24bdf7d5e0) Importer(815301076,1909f56bfc062723c751e8b465ee728b)
Start importing Assets/Scripts/PlayerController.cs using Guid(dc8cf48789aeae4439739d24bdf7d5e0) Importer(815301076,1909f56bfc062723c751e8b465ee728b)  -> (artifact id: 'cedec987ebcfc2d4ed712d63b21d643a') in 0.015680 seconds
  Import took 0.017533 seconds .

========================================================================
Received Import Request.
  Time since last request: 0.022876 seconds.
  path: Assets/Scripts/PlayerController.cs
  artifactKey: Guid(dc8cf48789aeae4439739d24bdf7d5e0) Importer(815301076,1909f56bfc062723c751e8b465ee728b)
Start importing Assets/Scripts/PlayerController.cs using Guid(dc8cf48789aeae4439739d24bdf7d5e0) Importer(815301076,1909f56bfc062723c751e8b465ee728b)  -> (artifact id: 'cedec987ebcfc2d4ed712d63b21d643a') in 0.003137 seconds
  Import took 0.004937 seconds .

========================================================================
Received Prepare
Registering precompiled user dll's ...
Registered in 0.000886 seconds.
Begin MonoManager ReloadAssembly
Native extension for WindowsStandalone target not found
Native extension for WebGL target not found
Refreshing native plugins compatible for Editor in 0.23 ms, found 0 plugins.
Preloading 0 native plugins for Editor in 0.00 ms.
Mono: successfully reloaded assembly
- Completed reload, in  0.817 seconds
Platform modules already initialized, skipping
Refreshing native plugins compatible for Editor in 0.21 ms, found 0 plugins.
Preloading 0 native plugins for Editor in 0.00 ms.
Unloading 1114 Unused Serialized files (Serialized files now loaded: 0)
System memory in use before: 57.6 MB.
System memory in use after: 57.6 MB.

Unloading 5 unused Assets to reduce memory usage. Loaded Objects now: 1574.
Total: 1.841500 ms (FindLiveObjects: 0.159900 ms CreateObjectMapping: 0.031800 ms MarkObjects: 1.593700 ms  DeleteObjects: 0.055200 ms)

========================================================================
Received Import Request.
  Time since last request: 22.419924 seconds.
  path: Assets/Scripts/PlayerController.cs
  artifactKey: Guid(dc8cf48789aeae4439739d24bdf7d5e0) Importer(815301076,1909f56bfc062723c751e8b465ee728b)
Start importing Assets/Scripts/PlayerController.cs using Guid(dc8cf48789aeae4439739d24bdf7d5e0) Importer(815301076,1909f56bfc062723c751e8b465ee728b)  -> (artifact id: '75dafda870be2b8a045d38732dc9a541') in 0.005722 seconds
  Import took 0.007508 seconds .

========================================================================
Received Prepare
Registering precompiled user dll's ...
Registered in 0.000738 seconds.
Begin MonoManager ReloadAssembly
Native extension for WindowsStandalone target not found
Native extension for WebGL target not found
Refreshing native plugins compatible for Editor in 0.20 ms, found 0 plugins.
Preloading 0 native plugins for Editor in 0.00 ms.
Mono: successfully reloaded assembly
- Completed reload, in  0.796 seconds
Platform modules already initialized, skipping
Refreshing native plugins compatible for Editor in 0.20 ms, found 0 plugins.
Preloading 0 native plugins for Editor in 0.00 ms.
Unloading 1114 Unused Serialized files (Serialized files now loaded: 0)
System memory in use before: 57.6 MB.
System memory in use after: 57.6 MB.

Unloading 5 unused Assets to reduce memory usage. Loaded Objects now: 1577.
Total: 1.523500 ms (FindLiveObjects: 0.113200 ms CreateObjectMapping: 0.026000 ms MarkObjects: 1.310800 ms  DeleteObjects: 0.072400 ms)

========================================================================
Received Import Request.
  Time since last request: 345.018524 seconds.
  path: Assets/Prefabs/Animal_Fox_01.prefab
  artifactKey: Guid(c52d5d725a324cf45be429129411b541) Importer(815301076,1909f56bfc062723c751e8b465ee728b)
Start importing Assets/Prefabs/Animal_Fox_01.prefab using Guid(c52d5d725a324cf45be429129411b541) Importer(815301076,1909f56bfc062723c751e8b465ee728b)  -> (artifact id: '8e5caf1ea01f63fccd3a92bf98e17bac') in 0.172790 seconds
  Import took 0.175438 seconds .

========================================================================
Received Import Request.
  Time since last request: 97.203081 seconds.
  path: Assets/Prefabs/Food_Pizza_01.prefab
  artifactKey: Guid(3485ef389a80ae24b9f67feb00aea90f) Importer(815301076,1909f56bfc062723c751e8b465ee728b)
Start importing Assets/Prefabs/Food_Pizza_01.prefab using Guid(3485ef389a80ae24b9f67feb00aea90f) Importer(815301076,1909f56bfc062723c751e8b465ee728b)  -> (artifact id: 'e3c8aa59e5247cc079e6835f793e973e') in 0.034246 seconds
  Import took 0.036308 seconds .

========================================================================
Received Import Request.
  Time since last request: 14.897787 seconds.
  path: Assets/Prefabs/Food_Pizza_01.prefab
  artifactKey: Guid(3485ef389a80ae24b9f67feb00aea90f) Importer(815301076,1909f56bfc062723c751e8b465ee728b)
Start importing Assets/Prefabs/Food_Pizza_01.prefab using Guid(3485ef389a80ae24b9f67feb00aea90f) Importer(815301076,1909f56bfc062723c751e8b465ee728b)  -> (artifact id: 'e57c10aa6bef5234f7c793aeddb8126c') in 0.010726 seconds
  Import took 0.012613 seconds .

========================================================================
Received Import Request.
  Time since last request: 2.705465 seconds.
  path: Assets/Prefabs/Food_Pizza_01.prefab
  artifactKey: Guid(3485ef389a80ae24b9f67feb00aea90f) Importer(815301076,1909f56bfc062723c751e8b465ee728b)
Start importing Assets/Prefabs/Food_Pizza_01.prefab using Guid(3485ef389a80ae24b9f67feb00aea90f) Importer(815301076,1909f56bfc062723c751e8b465ee728b)  -> (artifact id: '50c8dafa631523fbbe4063623f800a8d') in 0.010307 seconds
  Import took 0.012197 seconds .

========================================================================
Received Prepare
Registering precompiled user dll's ...
Registered in 0.001025 seconds.
Begin MonoManager ReloadAssembly
Native extension for WindowsStandalone target not found
Native extension for WebGL target not found
Refreshing native plugins compatible for Editor in 0.30 ms, found 0 plugins.
Preloading 0 native plugins for Editor in 0.00 ms.
Mono: successfully reloaded assembly
- Completed reload, in  0.958 seconds
Platform modules already initialized, skipping
Refreshing native plugins compatible for Editor in 0.20 ms, found 0 plugins.
Preloading 0 native plugins for Editor in 0.00 ms.
Unloading 1114 Unused Serialized files (Serialized files now loaded: 0)
System memory in use before: 74.3 MB.
System memory in use after: 74.4 MB.

Unloading 5 unused Assets to reduce memory usage. Loaded Objects now: 1588.
Total: 1.499700 ms (FindLiveObjects: 0.115200 ms CreateObjectMapping: 0.026700 ms MarkObjects: 1.310000 ms  DeleteObjects: 0.046800 ms)

========================================================================
Received Import Request.
  Time since last request: 235.552196 seconds.
  path: Assets/Scripts/DetectCollision.cs
  artifactKey: Guid(3769c0f4d5d8e044fb50d5ea6f706cc3) Importer(815301076,1909f56bfc062723c751e8b465ee728b)
Start importing Assets/Scripts/DetectCollision.cs using Guid(3769c0f4d5d8e044fb50d5ea6f706cc3) Importer(815301076,1909f56bfc062723c751e8b465ee728b)  -> (artifact id: '1676790fe9b3c3f7a980cec0e9489cac') in 0.017174 seconds
  Import took 0.019554 seconds .

========================================================================
Received Import Request.
  Time since last request: 0.003546 seconds.
  path: Assets/Scripts/DetectCollision.cs
  artifactKey: Guid(3769c0f4d5d8e044fb50d5ea6f706cc3) Importer(815301076,1909f56bfc062723c751e8b465ee728b)
Start importing Assets/Scripts/DetectCollision.cs using Guid(3769c0f4d5d8e044fb50d5ea6f706cc3) Importer(815301076,1909f56bfc062723c751e8b465ee728b)  -> (artifact id: '1676790fe9b3c3f7a980cec0e9489cac') in 0.003824 seconds
  Import took 0.006141 seconds .

========================================================================
Received Prepare
Registering precompiled user dll's ...
Registered in 0.000891 seconds.
Begin MonoManager ReloadAssembly
Native extension for WindowsStandalone target not found
Native extension for WebGL target not found
Refreshing native plugins compatible for Editor in 0.21 ms, found 0 plugins.
Preloading 0 native plugins for Editor in 0.00 ms.
Mono: successfully reloaded assembly
- Completed reload, in  0.874 seconds
Platform modules already initialized, skipping
Refreshing native plugins compatible for Editor in 0.21 ms, found 0 plugins.
Preloading 0 native plugins for Editor in 0.00 ms.
Unloading 1115 Unused Serialized files (Serialized files now loaded: 0)
System memory in use before: 74.3 MB.
System memory in use after: 74.4 MB.

Unloading 5 unused Assets to reduce memory usage. Loaded Objects now: 1592.
Total: 1.514900 ms (FindLiveObjects: 0.115000 ms CreateObjectMapping: 0.026500 ms MarkObjects: 1.323800 ms  DeleteObjects: 0.048600 ms)

========================================================================
Received Import Request.
  Time since last request: 10.717431 seconds.
  path: Assets/Prefabs/Animal_Fox_01.prefab
  artifactKey: Guid(c52d5d725a324cf45be429129411b541) Importer(815301076,1909f56bfc062723c751e8b465ee728b)
Start importing Assets/Prefabs/Animal_Fox_01.prefab using Guid(c52d5d725a324cf45be429129411b541) Importer(815301076,1909f56bfc062723c751e8b465ee728b)  -> (artifact id: '1862d4988ca1b06872ee50126f63ae50') in 0.069628 seconds
  Import took 0.072147 seconds .

========================================================================
Received Prepare
Registering precompiled user dll's ...
Registered in 0.001114 seconds.
Begin MonoManager ReloadAssembly
Native extension for WindowsStandalone target not found
Native extension for WebGL target not found
Refreshing native plugins compatible for Editor in 0.20 ms, found 0 plugins.
Preloading 0 native plugins for Editor in 0.00 ms.
Mono: successfully reloaded assembly
- Completed reload, in  0.795 seconds
Platform modules already initialized, skipping
Refreshing native plugins compatible for Editor in 0.22 ms, found 0 plugins.
Preloading 0 native plugins for Editor in 0.00 ms.
Unloading 1115 Unused Serialized files (Serialized files now loaded: 0)
System memory in use before: 74.3 MB.
System memory in use after: 74.4 MB.

Unloading 5 unused Assets to reduce memory usage. Loaded Objects now: 1596.
Total: 1.528300 ms (FindLiveObjects: 0.122300 ms CreateObjectMapping: 0.027400 ms MarkObjects: 1.328100 ms  DeleteObjects: 0.049600 ms)

========================================================================
Received Import Request.
  Time since last request: 34.437456 seconds.
  path: Assets/Scripts/DetectCollision.cs
  artifactKey: Guid(3769c0f4d5d8e044fb50d5ea6f706cc3) Importer(815301076,1909f56bfc062723c751e8b465ee728b)
Start importing Assets/Scripts/DetectCollision.cs using Guid(3769c0f4d5d8e044fb50d5ea6f706cc3) Importer(815301076,1909f56bfc062723c751e8b465ee728b)  -> (artifact id: '0f792e7243e3535006d7a75c0ad959e8') in 0.004591 seconds
  Import took 0.006318 seconds .

========================================================================
Received Prepare
Registering precompiled user dll's ...
Registered in 0.000762 seconds.
Begin MonoManager ReloadAssembly
Native extension for WindowsStandalone target not found
Native extension for WebGL target not found
Refreshing native plugins compatible for Editor in 0.20 ms, found 0 plugins.
Preloading 0 native plugins for Editor in 0.00 ms.
Mono: successfully reloaded assembly
- Completed reload, in  0.828 seconds
Platform modules already initialized, skipping
Refreshing native plugins compatible for Editor in 0.26 ms, found 0 plugins.
Preloading 0 native plugins for Editor in 0.00 ms.
Unloading 1115 Unused Serialized files (Serialized files now loaded: 0)
System memory in use before: 74.3 MB.
System memory in use after: 74.4 MB.

Unloading 5 unused Assets to reduce memory usage. Loaded Objects now: 1599.
Total: 1.624100 ms (FindLiveObjects: 0.137400 ms CreateObjectMapping: 0.026100 ms MarkObjects: 1.402600 ms  DeleteObjects: 0.056800 ms)

========================================================================
Received Prepare
Registering precompiled user dll's ...
Registered in 0.000805 seconds.
Begin MonoManager ReloadAssembly
Native extension for WindowsStandalone target not found
Native extension for WebGL target not found
Refreshing native plugins compatible for Editor in 0.21 ms, found 0 plugins.
Preloading 0 native plugins for Editor in 0.00 ms.
Mono: successfully reloaded assembly
- Completed reload, in  0.839 seconds
Platform modules already initialized, skipping
Refreshing native plugins compatible for Editor in 0.23 ms, found 0 plugins.
Preloading 0 native plugins for Editor in 0.00 ms.
Unloading 1115 Unused Serialized files (Serialized files now loaded: 0)
System memory in use before: 74.3 MB.
System memory in use after: 74.4 MB.

Unloading 5 unused Assets to reduce memory usage. Loaded Objects now: 1602.
Total: 1.935800 ms (FindLiveObjects: 0.179600 ms CreateObjectMapping: 0.028000 ms MarkObjects: 1.663000 ms  DeleteObjects: 0.063000 ms)

========================================================================
Received Import Request.
  Time since last request: 37.511289 seconds.
  path: Assets/Scripts/DetectCollision.cs
  artifactKey: Guid(3769c0f4d5d8e044fb50d5ea6f706cc3) Importer(815301076,1909f56bfc062723c751e8b465ee728b)
Start importing Assets/Scripts/DetectCollision.cs using Guid(3769c0f4d5d8e044fb50d5ea6f706cc3) Importer(815301076,1909f56bfc062723c751e8b465ee728b)  -> (artifact id: '39402c93813b4dc117ce2161cf9f90bc') in 0.006088 seconds
  Import took 0.008593 seconds .

========================================================================
Received Prepare
Registering precompiled user dll's ...
Registered in 0.000772 seconds.
Begin MonoManager ReloadAssembly
Native extension for WindowsStandalone target not found
Native extension for WebGL target not found
Refreshing native plugins compatible for Editor in 0.20 ms, found 0 plugins.
Preloading 0 native plugins for Editor in 0.00 ms.
Mono: successfully reloaded assembly
- Completed reload, in  0.792 seconds
Platform modules already initialized, skipping
Refreshing native plugins compatible for Editor in 0.20 ms, found 0 plugins.
Preloading 0 native plugins for Editor in 0.00 ms.
Unloading 1115 Unused Serialized files (Serialized files now loaded: 0)
System memory in use before: 74.3 MB.
System memory in use after: 74.4 MB.

Unloading 5 unused Assets to reduce memory usage. Loaded Objects now: 1605.
Total: 1.523000 ms (FindLiveObjects: 0.117700 ms CreateObjectMapping: 0.027300 ms MarkObjects: 1.328700 ms  DeleteObjects: 0.048300 ms)

========================================================================
Received Prepare
Registering precompiled user dll's ...
Registered in 0.000757 seconds.
Begin MonoManager ReloadAssembly
Native extension for WindowsStandalone target not found
Native extension for WebGL target not found
Refreshing native plugins compatible for Editor in 0.20 ms, found 0 plugins.
Preloading 0 native plugins for Editor in 0.00 ms.
Mono: successfully reloaded assembly
- Completed reload, in  0.801 seconds
Platform modules already initialized, skipping
Refreshing native plugins compatible for Editor in 0.26 ms, found 0 plugins.
Preloading 0 native plugins for Editor in 0.00 ms.
Unloading 1115 Unused Serialized files (Serialized files now loaded: 0)
System memory in use before: 74.3 MB.
System memory in use after: 74.4 MB.

Unloading 5 unused Assets to reduce memory usage. Loaded Objects now: 1608.
Total: 1.718600 ms (FindLiveObjects: 0.142000 ms CreateObjectMapping: 0.033800 ms MarkObjects: 1.488200 ms  DeleteObjects: 0.053900 ms)

========================================================================
Received Import Request.
  Time since last request: 70.811911 seconds.
  path: Assets/Prefabs/Food_Pizza_01.prefab
  artifactKey: Guid(3485ef389a80ae24b9f67feb00aea90f) Importer(815301076,1909f56bfc062723c751e8b465ee728b)
Start importing Assets/Prefabs/Food_Pizza_01.prefab using Guid(3485ef389a80ae24b9f67feb00aea90f) Importer(815301076,1909f56bfc062723c751e8b465ee728b)  -> (artifact id: '9e3019afb35365a4c2322d291026731d') in 0.056340 seconds
  Import took 0.058333 seconds .

========================================================================
Received Prepare
Registering precompiled user dll's ...
Registered in 0.000807 seconds.
Begin MonoManager ReloadAssembly
Native extension for WindowsStandalone target not found
Native extension for WebGL target not found
Refreshing native plugins compatible for Editor in 0.21 ms, found 0 plugins.
Preloading 0 native plugins for Editor in 0.00 ms.
Mono: successfully reloaded assembly
- Completed reload, in  0.809 seconds
Platform modules already initialized, skipping
Refreshing native plugins compatible for Editor in 0.19 ms, found 0 plugins.
Preloading 0 native plugins for Editor in 0.00 ms.
Unloading 1115 Unused Serialized files (Serialized files now loaded: 0)
System memory in use before: 74.4 MB.
System memory in use after: 74.4 MB.

Unloading 5 unused Assets to reduce memory usage. Loaded Objects now: 1612.
Total: 1.606700 ms (FindLiveObjects: 0.139300 ms CreateObjectMapping: 0.028700 ms MarkObjects: 1.384100 ms  DeleteObjects: 0.053500 ms)

========================================================================
Received Import Request.
  Time since last request: 67.432223 seconds.
  path: Assets/Prefabs/Food_Pizza_01.prefab
  artifactKey: Guid(3485ef389a80ae24b9f67feb00aea90f) Importer(815301076,1909f56bfc062723c751e8b465ee728b)
Start importing Assets/Prefabs/Food_Pizza_01.prefab using Guid(3485ef389a80ae24b9f67feb00aea90f) Importer(815301076,1909f56bfc062723c751e8b465ee728b)  -> (artifact id: 'd1dba20c98bddf96b1baf72e92d5f84a') in 0.056666 seconds
  Import took 0.058637 seconds .

========================================================================
Received Import Request.
  Time since last request: 3.384937 seconds.
  path: Assets/Prefabs/Animal_Stag_02.prefab
  artifactKey: Guid(e9ea2c1677498b646afbbfafeede18f4) Importer(815301076,1909f56bfc062723c751e8b465ee728b)
Start importing Assets/Prefabs/Animal_Stag_02.prefab using Guid(e9ea2c1677498b646afbbfafeede18f4) Importer(815301076,1909f56bfc062723c751e8b465ee728b)  -> (artifact id: '1fb9ac4345c95c26f6ef683d77bf51ef') in 0.035935 seconds
  Import took 0.038667 seconds .

========================================================================
Received Import Request.
  Time since last request: 1.660696 seconds.
  path: Assets/Prefabs/Animal_Stag_02.prefab
  artifactKey: Guid(e9ea2c1677498b646afbbfafeede18f4) Importer(815301076,1909f56bfc062723c751e8b465ee728b)
Start importing Assets/Prefabs/Animal_Stag_02.prefab using Guid(e9ea2c1677498b646afbbfafeede18f4) Importer(815301076,1909f56bfc062723c751e8b465ee728b)  -> (artifact id: '59c06e7081495c971ef37ad037409fc6') in 0.018448 seconds
  Import took 0.021462 seconds .

========================================================================
Received Import Request.
  Time since last request: 0.800981 seconds.
  path: Assets/Prefabs/Animal_Moose_01.prefab
  artifactKey: Guid(d8d33def217a39543ac355630bb171a5) Importer(815301076,1909f56bfc062723c751e8b465ee728b)
Start importing Assets/Prefabs/Animal_Moose_01.prefab using Guid(d8d33def217a39543ac355630bb171a5) Importer(815301076,1909f56bfc062723c751e8b465ee728b)  -> (artifact id: '16d845033e5a162158b420622d636ef1') in 0.038191 seconds
  Import took 0.040522 seconds .

========================================================================
Received Import Request.
  Time since last request: 1.442591 seconds.
  path: Assets/Prefabs/Animal_Moose_01.prefab
  artifactKey: Guid(d8d33def217a39543ac355630bb171a5) Importer(815301076,1909f56bfc062723c751e8b465ee728b)
Start importing Assets/Prefabs/Animal_Moose_01.prefab using Guid(d8d33def217a39543ac355630bb171a5) Importer(815301076,1909f56bfc062723c751e8b465ee728b)  -> (artifact id: 'bddd6b0af40cfd447cffc34b51d08883') in 0.018013 seconds
  Import took 0.020385 seconds .

========================================================================
Received Import Request.
  Time since last request: 0.001398 seconds.
  path: Assets/Prefabs/Animal_Moose_01.prefab
  artifactKey: Guid(d8d33def217a39543ac355630bb171a5) Importer(815301076,1909f56bfc062723c751e8b465ee728b)
Start importing Assets/Prefabs/Animal_Moose_01.prefab using Guid(d8d33def217a39543ac355630bb171a5) Importer(815301076,1909f56bfc062723c751e8b465ee728b)  -> (artifact id: 'bddd6b0af40cfd447cffc34b51d08883') in 0.017976 seconds
  Import took 0.020356 seconds .

========================================================================
Received Import Request.
  Time since last request: 2.079618 seconds.
  path: Assets/Prefabs/Animal_Fox_01.prefab
  artifactKey: Guid(c52d5d725a324cf45be429129411b541) Importer(815301076,1909f56bfc062723c751e8b465ee728b)
Start importing Assets/Prefabs/Animal_Fox_01.prefab using Guid(c52d5d725a324cf45be429129411b541) Importer(815301076,1909f56bfc062723c751e8b465ee728b)  -> (artifact id: '804746855fbe77e11568901638fb875c') in 0.017114 seconds
  Import took 0.020216 seconds .

========================================================================
Received Prepare
Registering precompiled user dll's ...
Registered in 0.000871 seconds.
Begin MonoManager ReloadAssembly
Native extension for WindowsStandalone target not found
Native extension for WebGL target not found
Refreshing native plugins compatible for Editor in 0.23 ms, found 0 plugins.
Preloading 0 native plugins for Editor in 0.00 ms.
Mono: successfully reloaded assembly
- Completed reload, in  0.798 seconds
Platform modules already initialized, skipping
Refreshing native plugins compatible for Editor in 0.21 ms, found 0 plugins.
Preloading 0 native plugins for Editor in 0.00 ms.
Unloading 1115 Unused Serialized files (Serialized files now loaded: 0)
System memory in use before: 74.4 MB.
System memory in use after: 74.5 MB.

Unloading 5 unused Assets to reduce memory usage. Loaded Objects now: 1616.
Total: 1.520000 ms (FindLiveObjects: 0.127200 ms CreateObjectMapping: 0.026600 ms MarkObjects: 1.319900 ms  DeleteObjects: 0.045200 ms)

AssetImportWorkerClient::OnTransportError - code=2 error=End of file
