Using pre-set license
Built from '2020.3/staging' branch; Version is '2020.3.9f1 (108be757e447) revision 1084391'; Using compiler version '192528614'; Build Type 'Release'
OS: 'Windows 10 Pro; OS build 19042.985; Version 2009; 64bit' Language: 'it' Physical Memory: 16334 MB
BatchMode: 1, IsHumanControllingUs: 0, StartBugReporterOnCrash: 0, Is64bit: 1, IsPro: 0

 COMMAND LINE ARGUMENTS:
D:\2020.3.9f1\Editor\Unity.exe
-adb2
-batchMode
-noUpm
-name
AssetImportWorker0
-projectPath
C:/Users/BatRaf/Documents/unity tutorial/UnityTutorialz/Prototype 2
-logFile
Logs/AssetImportWorker0.log
-srvPort
50151
Successfully changed project path to: C:/Users/BatRaf/Documents/unity tutorial/UnityTutorialz/Prototype 2
C:/Users/BatRaf/Documents/unity tutorial/UnityTutorialz/Prototype 2
Using Asset Import Pipeline V2.
Refreshing native plugins compatible for Editor in 23.45 ms, found 0 plugins.
Preloading 0 native plugins for Editor in 0.00 ms.
Initialize engine version: 2020.3.9f1 (108be757e447)
[Subsystems] Discovering subsystems at path D:/2020.3.9f1/Editor/Data/Resources/UnitySubsystems
[Subsystems] Discovering subsystems at path C:/Users/BatRaf/Documents/unity tutorial/UnityTutorialz/Prototype 2/Assets
GfxDevice: creating device client; threaded=0
Direct3D:
    Version:  Direct3D 11.0 [level 11.1]
    Renderer: Radeon RX 570 Series (ID=0x67df)
    Vendor:   
    VRAM:     4075 MB
    Driver:   27.20.15003.5017
Initialize mono
Mono path[0] = 'D:/2020.3.9f1/Editor/Data/Managed'
Mono path[1] = 'D:/2020.3.9f1/Editor/Data/MonoBleedingEdge/lib/mono/unityjit'
Mono config path = 'D:/2020.3.9f1/Editor/Data/MonoBleedingEdge/etc'
Using monoOptions --debugger-agent=transport=dt_socket,embedding=1,server=y,suspend=n,address=127.0.0.1:56328
Begin MonoManager ReloadAssembly
Registering precompiled unity dll's ...
Register platform support module: D:/2020.3.9f1/Editor/Data/PlaybackEngines/WindowsStandaloneSupport/UnityEditor.WindowsStandalone.Extensions.dll
Registered in 0.001265 seconds.
Native extension for WindowsStandalone target not found
Refreshing native plugins compatible for Editor in 23.75 ms, found 0 plugins.
Preloading 0 native plugins for Editor in 0.00 ms.
Mono: successfully reloaded assembly
- Completed reload, in  1.315 seconds
Platform modules already initialized, skipping
Registering precompiled user dll's ...
Registered in 0.000726 seconds.
Begin MonoManager ReloadAssembly
Native extension for WindowsStandalone target not found
Refreshing native plugins compatible for Editor in 0.20 ms, found 0 plugins.
Preloading 0 native plugins for Editor in 0.00 ms.
Mono: successfully reloaded assembly
- Completed reload, in  0.895 seconds
Platform modules already initialized, skipping
========================================================================
Worker process is ready to serve import requests
Launched and connected shader compiler UnityShaderCompiler.exe after 0.04 seconds
Refreshing native plugins compatible for Editor in 0.19 ms, found 0 plugins.
Preloading 0 native plugins for Editor in 0.00 ms.
Unloading 1115 Unused Serialized files (Serialized files now loaded: 0)
System memory in use before: 57.1 MB.
System memory in use after: 57.2 MB.

Unloading 10 unused Assets to reduce memory usage. Loaded Objects now: 1557.
Total: 1.541900 ms (FindLiveObjects: 0.129600 ms CreateObjectMapping: 0.026400 ms MarkObjects: 1.316600 ms  DeleteObjects: 0.068400 ms)

========================================================================
Received Import Request.
  path: Assets/Scenes
  artifactKey: Guid(89a9af3356be610428946429932755d3) Importer(815301076,1909f56bfc062723c751e8b465ee728b)
Start importing Assets/Scenes using Guid(89a9af3356be610428946429932755d3) Importer(815301076,1909f56bfc062723c751e8b465ee728b)  -> (artifact id: '976ca348202c68c2135ca083e0490a95') in 0.033247 seconds
  Import took 0.034870 seconds .

========================================================================
Received Import Request.
  Time since last request: 5.023178 seconds.
  path: Assets/Scenes/Prototype 2.unity
  artifactKey: Guid(f0196d95ff9244ffaa65879ba7824fd4) Importer(815301076,1909f56bfc062723c751e8b465ee728b)
Start importing Assets/Scenes/Prototype 2.unity using Guid(f0196d95ff9244ffaa65879ba7824fd4) Importer(815301076,1909f56bfc062723c751e8b465ee728b)  -> (artifact id: '558dc2f3d3a1e0e7b4cae2120e4714f9') in 0.020132 seconds
  Import took 0.022071 seconds .

========================================================================
Received Import Request.
  Time since last request: 0.601002 seconds.
  path: Assets/Scenes/SampleScene.unity
  artifactKey: Guid(9fc0d4010bbf28b4594072e72b8655ab) Importer(815301076,1909f56bfc062723c751e8b465ee728b)
Start importing Assets/Scenes/SampleScene.unity using Guid(9fc0d4010bbf28b4594072e72b8655ab) Importer(815301076,1909f56bfc062723c751e8b465ee728b)  -> (artifact id: '85059f4f9e1a832ed95adaa0d25c5c4c') in 0.020113 seconds
  Import took 0.022098 seconds .

========================================================================
Received Import Request.
  Time since last request: 37.382181 seconds.
  path: Assets/Course Library/_Source_Files/FBX
  artifactKey: Guid(5522a65b4f20746ba835d086c3135412) Importer(815301076,1909f56bfc062723c751e8b465ee728b)
Start importing Assets/Course Library/_Source_Files/FBX using Guid(5522a65b4f20746ba835d086c3135412) Importer(815301076,1909f56bfc062723c751e8b465ee728b)  -> (artifact id: 'ed4601e9ac67bd8d2e924cb353440ffa') in 0.013934 seconds
  Import took 0.015615 seconds .

========================================================================
Received Import Request.
  Time since last request: 4.152398 seconds.
  path: Assets/Course Library/Animals/Forest
  artifactKey: Guid(305561f73a33c4b6c8ed58fdafd88cdf) Importer(815301076,1909f56bfc062723c751e8b465ee728b)
Start importing Assets/Course Library/Animals/Forest using Guid(305561f73a33c4b6c8ed58fdafd88cdf) Importer(815301076,1909f56bfc062723c751e8b465ee728b)  -> (artifact id: 'de8cc5bd9b8d577276650f5203037156') in 0.013711 seconds
  Import took 0.015412 seconds .

========================================================================
Received Import Request.
  Time since last request: 1.772189 seconds.
  path: Assets/Course Library/Animals/Forest/Animal_Doe_01.prefab
  artifactKey: Guid(06aceaf909fec8f4081af49b1eea892e) Importer(815301076,1909f56bfc062723c751e8b465ee728b)
Start importing Assets/Course Library/Animals/Forest/Animal_Doe_01.prefab using Guid(06aceaf909fec8f4081af49b1eea892e) Importer(815301076,1909f56bfc062723c751e8b465ee728b)  -> (artifact id: '44c00fafa52f6aa1661e51661a4c1fe2') in 0.468894 seconds
  Import took 0.471187 seconds .

========================================================================
Received Import Request.
  Time since last request: 4.177445 seconds.
  path: Assets/Course Library/Animals/Forest/Animal_Doe_02.prefab
  artifactKey: Guid(2fdf2b8525a6fa54ba867925b16564e3) Importer(815301076,1909f56bfc062723c751e8b465ee728b)
Start importing Assets/Course Library/Animals/Forest/Animal_Doe_02.prefab using Guid(2fdf2b8525a6fa54ba867925b16564e3) Importer(815301076,1909f56bfc062723c751e8b465ee728b)  -> (artifact id: '5ab6403114a825263ead94ce0372b4d4') in 0.029546 seconds
  Import took 0.031952 seconds .

========================================================================
Received Import Request.
  Time since last request: 0.855206 seconds.
  path: Assets/Course Library/Animals/Forest/Animal_Fox_01.prefab
  artifactKey: Guid(e3245acddde40bf49aa555d6bdc14998) Importer(815301076,1909f56bfc062723c751e8b465ee728b)
Start importing Assets/Course Library/Animals/Forest/Animal_Fox_01.prefab using Guid(e3245acddde40bf49aa555d6bdc14998) Importer(815301076,1909f56bfc062723c751e8b465ee728b)  -> (artifact id: 'cdceb8589aa9d82a7ec329cdefaf3f54') in 0.034247 seconds
  Import took 0.036782 seconds .

========================================================================
Received Import Request.
  Time since last request: 1.369619 seconds.
  path: Assets/Course Library/Animals/Forest/Animal_Fox_02.prefab
  artifactKey: Guid(d08ba223a91fb3440afcbed27fafa936) Importer(815301076,1909f56bfc062723c751e8b465ee728b)
Start importing Assets/Course Library/Animals/Forest/Animal_Fox_02.prefab using Guid(d08ba223a91fb3440afcbed27fafa936) Importer(815301076,1909f56bfc062723c751e8b465ee728b)  -> (artifact id: '2058331350a1c595086a42db7c3fb31b') in 0.021085 seconds
  Import took 0.023577 seconds .

========================================================================
Received Import Request.
  Time since last request: 2.879427 seconds.
  path: Assets/Course Library/Animals/Forest/Animal_Moose_01.prefab
  artifactKey: Guid(72d1e1ec46e639c47a81658b0d9e230e) Importer(815301076,1909f56bfc062723c751e8b465ee728b)
Start importing Assets/Course Library/Animals/Forest/Animal_Moose_01.prefab using Guid(72d1e1ec46e639c47a81658b0d9e230e) Importer(815301076,1909f56bfc062723c751e8b465ee728b)  -> (artifact id: '45f4c9c53a938a329216f3d3363e6cdd') in 0.021226 seconds
  Import took 0.023527 seconds .

========================================================================
Received Import Request.
  Time since last request: 2.589072 seconds.
  path: Assets/Course Library/Animals/Forest/Animal_Stag_01.prefab
  artifactKey: Guid(ff249e9534924c744bdfa6a3d2d1746c) Importer(815301076,1909f56bfc062723c751e8b465ee728b)
Start importing Assets/Course Library/Animals/Forest/Animal_Stag_01.prefab using Guid(ff249e9534924c744bdfa6a3d2d1746c) Importer(815301076,1909f56bfc062723c751e8b465ee728b)  -> (artifact id: '16542f0913a3643f776083e270c0bba6') in 0.020638 seconds
  Import took 0.022939 seconds .

========================================================================
Received Import Request.
  Time since last request: 1.342859 seconds.
  path: Assets/Course Library/Animals/Forest/Animal_Stag_02.prefab
  artifactKey: Guid(e2b54f18a442ae84cb37b05e649edfc0) Importer(815301076,1909f56bfc062723c751e8b465ee728b)
Start importing Assets/Course Library/Animals/Forest/Animal_Stag_02.prefab using Guid(e2b54f18a442ae84cb37b05e649edfc0) Importer(815301076,1909f56bfc062723c751e8b465ee728b)  -> (artifact id: '9f2455b224f0ee7acdbd8a5908a266a0') in 0.020381 seconds
  Import took 0.022646 seconds .

========================================================================
Received Import Request.
  Time since last request: 0.000792 seconds.
  path: Assets/Course Library/Animals/Forest/Animal_Stag_02.prefab
  artifactKey: Guid(e2b54f18a442ae84cb37b05e649edfc0) Importer(815301076,1909f56bfc062723c751e8b465ee728b)
Start importing Assets/Course Library/Animals/Forest/Animal_Stag_02.prefab using Guid(e2b54f18a442ae84cb37b05e649edfc0) Importer(815301076,1909f56bfc062723c751e8b465ee728b)  -> (artifact id: '9f2455b224f0ee7acdbd8a5908a266a0') in 0.014794 seconds
  Import took 0.016822 seconds .

========================================================================
Received Import Request.
  Time since last request: 402.334770 seconds.
  path: Assets
  artifactKey: Guid(00000000000000001000000000000000) Importer(815301076,1909f56bfc062723c751e8b465ee728b)
Start importing Assets using Guid(00000000000000001000000000000000) Importer(815301076,1909f56bfc062723c751e8b465ee728b)  -> (artifact id: '42d402b061de3733987d63b9cc3b64de') in 0.012315 seconds
  Import took 0.015238 seconds .

========================================================================
Received Import Request.
  Time since last request: 8.622417 seconds.
  path: Assets/Scripts
  artifactKey: Guid(44fce0b652a3cb84796e839ec838e91f) Importer(815301076,1909f56bfc062723c751e8b465ee728b)
Start importing Assets/Scripts using Guid(44fce0b652a3cb84796e839ec838e91f) Importer(815301076,1909f56bfc062723c751e8b465ee728b)  -> (artifact id: '03a4598356906e66655fa3e19382b40d') in 0.006810 seconds
  Import took 0.008496 seconds .

========================================================================
Received Import Request.
  Time since last request: 7.951396 seconds.
  path: Assets/Scripts/PlayerController.cs
  artifactKey: Guid(dc8cf48789aeae4439739d24bdf7d5e0) Importer(815301076,1909f56bfc062723c751e8b465ee728b)
Start importing Assets/Scripts/PlayerController.cs using Guid(dc8cf48789aeae4439739d24bdf7d5e0) Importer(815301076,1909f56bfc062723c751e8b465ee728b)  -> (artifact id: 'fd8da57ca551ef74874ff089a7f8067e') in 0.058746 seconds
  Import took 0.060505 seconds .

========================================================================
Received Prepare
Registering precompiled user dll's ...
Registered in 0.000629 seconds.
Begin MonoManager ReloadAssembly
Native extension for WindowsStandalone target not found
Refreshing native plugins compatible for Editor in 0.20 ms, found 0 plugins.
Preloading 0 native plugins for Editor in 0.00 ms.
Mono: successfully reloaded assembly
- Completed reload, in  0.782 seconds
Platform modules already initialized, skipping
Refreshing native plugins compatible for Editor in 0.21 ms, found 0 plugins.
Preloading 0 native plugins for Editor in 0.00 ms.
Unloading 1111 Unused Serialized files (Serialized files now loaded: 0)
System memory in use before: 73.9 MB.
System memory in use after: 74.0 MB.

Unloading 5 unused Assets to reduce memory usage. Loaded Objects now: 1569.
Total: 1.558800 ms (FindLiveObjects: 0.121200 ms CreateObjectMapping: 0.028800 ms MarkObjects: 1.362600 ms  DeleteObjects: 0.045100 ms)

========================================================================
Received Prepare
Registering precompiled user dll's ...
Registered in 0.000684 seconds.
Begin MonoManager ReloadAssembly
Native extension for WindowsStandalone target not found
Refreshing native plugins compatible for Editor in 0.20 ms, found 0 plugins.
Preloading 0 native plugins for Editor in 0.00 ms.
Mono: successfully reloaded assembly
- Completed reload, in  0.775 seconds
Platform modules already initialized, skipping
Refreshing native plugins compatible for Editor in 0.19 ms, found 0 plugins.
Preloading 0 native plugins for Editor in 0.00 ms.
Unloading 1111 Unused Serialized files (Serialized files now loaded: 0)
System memory in use before: 73.9 MB.
System memory in use after: 74.0 MB.

Unloading 5 unused Assets to reduce memory usage. Loaded Objects now: 1572.
Total: 1.640200 ms (FindLiveObjects: 0.110900 ms CreateObjectMapping: 0.026200 ms MarkObjects: 1.415100 ms  DeleteObjects: 0.086700 ms)

========================================================================
Received Import Request.
  Time since last request: 310.249579 seconds.
  path: Assets/Scripts/PlayerController.cs
  artifactKey: Guid(dc8cf48789aeae4439739d24bdf7d5e0) Importer(815301076,1909f56bfc062723c751e8b465ee728b)
Start importing Assets/Scripts/PlayerController.cs using Guid(dc8cf48789aeae4439739d24bdf7d5e0) Importer(815301076,1909f56bfc062723c751e8b465ee728b)  -> (artifact id: '7819c8cb10d5b0ffc6d9445e8c4f5043') in 0.005463 seconds
  Import took 0.007591 seconds .

========================================================================
Received Prepare
Registering precompiled user dll's ...
Registered in 0.000662 seconds.
Begin MonoManager ReloadAssembly
Native extension for WindowsStandalone target not found
Refreshing native plugins compatible for Editor in 0.20 ms, found 0 plugins.
Preloading 0 native plugins for Editor in 0.00 ms.
Mono: successfully reloaded assembly
- Completed reload, in  0.793 seconds
Platform modules already initialized, skipping
Refreshing native plugins compatible for Editor in 0.25 ms, found 0 plugins.
Preloading 0 native plugins for Editor in 0.00 ms.
Unloading 1111 Unused Serialized files (Serialized files now loaded: 0)
System memory in use before: 73.9 MB.
System memory in use after: 74.0 MB.

Unloading 5 unused Assets to reduce memory usage. Loaded Objects now: 1575.
Total: 1.492000 ms (FindLiveObjects: 0.112800 ms CreateObjectMapping: 0.026000 ms MarkObjects: 1.308000 ms  DeleteObjects: 0.044200 ms)

========================================================================
Received Prepare
Registering precompiled user dll's ...
Registered in 0.000654 seconds.
Begin MonoManager ReloadAssembly
Native extension for WindowsStandalone target not found
Refreshing native plugins compatible for Editor in 0.19 ms, found 0 plugins.
Preloading 0 native plugins for Editor in 0.00 ms.
Mono: successfully reloaded assembly
- Completed reload, in  0.791 seconds
Platform modules already initialized, skipping
Refreshing native plugins compatible for Editor in 0.19 ms, found 0 plugins.
Preloading 0 native plugins for Editor in 0.00 ms.
Unloading 1111 Unused Serialized files (Serialized files now loaded: 0)
System memory in use before: 74.0 MB.
System memory in use after: 74.0 MB.

Unloading 5 unused Assets to reduce memory usage. Loaded Objects now: 1578.
Total: 1.666000 ms (FindLiveObjects: 0.158900 ms CreateObjectMapping: 0.035600 ms MarkObjects: 1.415200 ms  DeleteObjects: 0.054500 ms)

========================================================================
Received Prepare
Registering precompiled user dll's ...
Registered in 0.000684 seconds.
Begin MonoManager ReloadAssembly
Native extension for WindowsStandalone target not found
Refreshing native plugins compatible for Editor in 0.23 ms, found 0 plugins.
Preloading 0 native plugins for Editor in 0.00 ms.
Mono: successfully reloaded assembly
- Completed reload, in  0.782 seconds
Platform modules already initialized, skipping
Refreshing native plugins compatible for Editor in 0.20 ms, found 0 plugins.
Preloading 0 native plugins for Editor in 0.00 ms.
Unloading 1111 Unused Serialized files (Serialized files now loaded: 0)
System memory in use before: 74.0 MB.
System memory in use after: 74.0 MB.

Unloading 5 unused Assets to reduce memory usage. Loaded Objects now: 1581.
Total: 1.542600 ms (FindLiveObjects: 0.141500 ms CreateObjectMapping: 0.026900 ms MarkObjects: 1.327100 ms  DeleteObjects: 0.046300 ms)

========================================================================
Received Import Request.
  Time since last request: 142.252542 seconds.
  path: Assets/Scripts/PlayerController.cs
  artifactKey: Guid(dc8cf48789aeae4439739d24bdf7d5e0) Importer(815301076,1909f56bfc062723c751e8b465ee728b)
Start importing Assets/Scripts/PlayerController.cs using Guid(dc8cf48789aeae4439739d24bdf7d5e0) Importer(815301076,1909f56bfc062723c751e8b465ee728b)  -> (artifact id: '8c3ad1b3dcfb814179ca09d8c7b381d2') in 0.004350 seconds
  Import took 0.006029 seconds .

========================================================================
Received Prepare
Registering precompiled user dll's ...
Registered in 0.000697 seconds.
Begin MonoManager ReloadAssembly
Native extension for WindowsStandalone target not found
Refreshing native plugins compatible for Editor in 0.21 ms, found 0 plugins.
Preloading 0 native plugins for Editor in 0.00 ms.
Mono: successfully reloaded assembly
- Completed reload, in  0.788 seconds
Platform modules already initialized, skipping
Refreshing native plugins compatible for Editor in 0.20 ms, found 0 plugins.
Preloading 0 native plugins for Editor in 0.00 ms.
Unloading 1111 Unused Serialized files (Serialized files now loaded: 0)
System memory in use before: 74.0 MB.
System memory in use after: 74.0 MB.

Unloading 5 unused Assets to reduce memory usage. Loaded Objects now: 1584.
Total: 1.554100 ms (FindLiveObjects: 0.128600 ms CreateObjectMapping: 0.027100 ms MarkObjects: 1.346900 ms  DeleteObjects: 0.050500 ms)

========================================================================
Received Import Request.
  Time since last request: 178.863123 seconds.
  path: Assets/Scripts/MoveForward.cs
  artifactKey: Guid(41b7f034ee945034dabb88c3df852b5a) Importer(815301076,1909f56bfc062723c751e8b465ee728b)
Start importing Assets/Scripts/MoveForward.cs using Guid(41b7f034ee945034dabb88c3df852b5a) Importer(815301076,1909f56bfc062723c751e8b465ee728b)  -> (artifact id: 'd4a45930ddf633b38392836090e1b7fa') in 0.010352 seconds
  Import took 0.012306 seconds .

========================================================================
Received Prepare
Registering precompiled user dll's ...
Registered in 0.000681 seconds.
Begin MonoManager ReloadAssembly
Native extension for WindowsStandalone target not found
Refreshing native plugins compatible for Editor in 0.28 ms, found 0 plugins.
Preloading 0 native plugins for Editor in 0.00 ms.
Mono: successfully reloaded assembly
- Completed reload, in  0.823 seconds
Platform modules already initialized, skipping
Refreshing native plugins compatible for Editor in 0.20 ms, found 0 plugins.
Preloading 0 native plugins for Editor in 0.00 ms.
Unloading 1112 Unused Serialized files (Serialized files now loaded: 0)
System memory in use before: 74.0 MB.
System memory in use after: 74.1 MB.

Unloading 5 unused Assets to reduce memory usage. Loaded Objects now: 1588.
Total: 1.511700 ms (FindLiveObjects: 0.123600 ms CreateObjectMapping: 0.026000 ms MarkObjects: 1.313400 ms  DeleteObjects: 0.047500 ms)

========================================================================
Received Prepare
Registering precompiled user dll's ...
Registered in 0.000767 seconds.
Begin MonoManager ReloadAssembly
Native extension for WindowsStandalone target not found
Refreshing native plugins compatible for Editor in 0.21 ms, found 0 plugins.
Preloading 0 native plugins for Editor in 0.00 ms.
Mono: successfully reloaded assembly
- Completed reload, in  0.765 seconds
Platform modules already initialized, skipping
Refreshing native plugins compatible for Editor in 0.19 ms, found 0 plugins.
Preloading 0 native plugins for Editor in 0.00 ms.
Unloading 1112 Unused Serialized files (Serialized files now loaded: 0)
System memory in use before: 74.0 MB.
System memory in use after: 74.1 MB.

Unloading 5 unused Assets to reduce memory usage. Loaded Objects now: 1591.
Total: 1.499600 ms (FindLiveObjects: 0.112100 ms CreateObjectMapping: 0.026300 ms MarkObjects: 1.315000 ms  DeleteObjects: 0.045300 ms)

========================================================================
Received Import Request.
  Time since last request: 91.380511 seconds.
  path: Assets/Scripts/MoveForward.cs
  artifactKey: Guid(41b7f034ee945034dabb88c3df852b5a) Importer(815301076,1909f56bfc062723c751e8b465ee728b)
Start importing Assets/Scripts/MoveForward.cs using Guid(41b7f034ee945034dabb88c3df852b5a) Importer(815301076,1909f56bfc062723c751e8b465ee728b)  -> (artifact id: '2552ad0abb47b0c3ee5ac8ec78b8516d') in 0.004678 seconds
  Import took 0.006366 seconds .

========================================================================
Received Import Request.
  Time since last request: 1.232688 seconds.
  path: Assets/Scripts/MoveForward.cs
  artifactKey: Guid(41b7f034ee945034dabb88c3df852b5a) Importer(815301076,1909f56bfc062723c751e8b465ee728b)
Start importing Assets/Scripts/MoveForward.cs using Guid(41b7f034ee945034dabb88c3df852b5a) Importer(815301076,1909f56bfc062723c751e8b465ee728b)  -> (artifact id: '2552ad0abb47b0c3ee5ac8ec78b8516d') in 0.003177 seconds
  Import took 0.005087 seconds .

========================================================================
Received Prepare
Registering precompiled user dll's ...
Registered in 0.000759 seconds.
Begin MonoManager ReloadAssembly
Native extension for WindowsStandalone target not found
Refreshing native plugins compatible for Editor in 0.20 ms, found 0 plugins.
Preloading 0 native plugins for Editor in 0.00 ms.
Mono: successfully reloaded assembly
- Completed reload, in  0.783 seconds
Platform modules already initialized, skipping
Refreshing native plugins compatible for Editor in 0.20 ms, found 0 plugins.
Preloading 0 native plugins for Editor in 0.00 ms.
Unloading 1112 Unused Serialized files (Serialized files now loaded: 0)
System memory in use before: 74.0 MB.
System memory in use after: 74.1 MB.

Unloading 5 unused Assets to reduce memory usage. Loaded Objects now: 1594.
Total: 1.776700 ms (FindLiveObjects: 0.154400 ms CreateObjectMapping: 0.031700 ms MarkObjects: 1.530100 ms  DeleteObjects: 0.058700 ms)

========================================================================
Received Import Request.
  Time since last request: 58.767322 seconds.
  path: Assets/Prefabs
  artifactKey: Guid(9ce59922838a2c04ca0ba46072703110) Importer(815301076,1909f56bfc062723c751e8b465ee728b)
Start importing Assets/Prefabs using Guid(9ce59922838a2c04ca0ba46072703110) Importer(815301076,1909f56bfc062723c751e8b465ee728b)  -> (artifact id: 'be2abd0de85b1d85c4f426b292d5d283') in 0.008414 seconds
  Import took 0.010214 seconds .

========================================================================
Received Import Request.
  Time since last request: 147.901212 seconds.
  path: Assets/Prefabs/Food_Pizza_01.prefab
  artifactKey: Guid(3485ef389a80ae24b9f67feb00aea90f) Importer(815301076,1909f56bfc062723c751e8b465ee728b)
Start importing Assets/Prefabs/Food_Pizza_01.prefab using Guid(3485ef389a80ae24b9f67feb00aea90f) Importer(815301076,1909f56bfc062723c751e8b465ee728b)  -> (artifact id: '2cdc74b76d79b737277ab28e78364fad') in 0.061657 seconds
  Import took 0.063701 seconds .

========================================================================
Received Import Request.
  Time since last request: 0.041767 seconds.
  path: Assets/Prefabs/Food_Pizza_01.prefab
  artifactKey: Guid(3485ef389a80ae24b9f67feb00aea90f) Importer(815301076,1909f56bfc062723c751e8b465ee728b)
Start importing Assets/Prefabs/Food_Pizza_01.prefab using Guid(3485ef389a80ae24b9f67feb00aea90f) Importer(815301076,1909f56bfc062723c751e8b465ee728b)  -> (artifact id: '2cdc74b76d79b737277ab28e78364fad') in 0.010086 seconds
  Import took 0.012081 seconds .

========================================================================
Received Prepare
Registering precompiled user dll's ...
Registered in 0.000858 seconds.
Begin MonoManager ReloadAssembly
Native extension for WindowsStandalone target not found
Refreshing native plugins compatible for Editor in 0.20 ms, found 0 plugins.
Preloading 0 native plugins for Editor in 0.00 ms.
Mono: successfully reloaded assembly
- Completed reload, in  0.776 seconds
Platform modules already initialized, skipping
Refreshing native plugins compatible for Editor in 0.20 ms, found 0 plugins.
Preloading 0 native plugins for Editor in 0.00 ms.
Unloading 1112 Unused Serialized files (Serialized files now loaded: 0)
System memory in use before: 74.0 MB.
System memory in use after: 74.1 MB.

Unloading 5 unused Assets to reduce memory usage. Loaded Objects now: 1598.
Total: 1.531800 ms (FindLiveObjects: 0.116600 ms CreateObjectMapping: 0.027200 ms MarkObjects: 1.341600 ms  DeleteObjects: 0.045600 ms)

========================================================================
Received Import Request.
  Time since last request: 24.741869 seconds.
  path: Assets/Scripts/PlayerController.cs
  artifactKey: Guid(dc8cf48789aeae4439739d24bdf7d5e0) Importer(815301076,1909f56bfc062723c751e8b465ee728b)
Start importing Assets/Scripts/PlayerController.cs using Guid(dc8cf48789aeae4439739d24bdf7d5e0) Importer(815301076,1909f56bfc062723c751e8b465ee728b)  -> (artifact id: '7bea93e0e01821e69c25a8a50c284e6a') in 0.004465 seconds
  Import took 0.006138 seconds .

========================================================================
Received Prepare
Registering precompiled user dll's ...
Registered in 0.001055 seconds.
Begin MonoManager ReloadAssembly
Native extension for WindowsStandalone target not found
Refreshing native plugins compatible for Editor in 0.30 ms, found 0 plugins.
Preloading 0 native plugins for Editor in 0.00 ms.
Mono: successfully reloaded assembly
- Completed reload, in  0.798 seconds
Platform modules already initialized, skipping
Refreshing native plugins compatible for Editor in 0.20 ms, found 0 plugins.
Preloading 0 native plugins for Editor in 0.00 ms.
Unloading 1112 Unused Serialized files (Serialized files now loaded: 0)
System memory in use before: 74.0 MB.
System memory in use after: 74.1 MB.

Unloading 5 unused Assets to reduce memory usage. Loaded Objects now: 1601.
Total: 1.569900 ms (FindLiveObjects: 0.117500 ms CreateObjectMapping: 0.026300 ms MarkObjects: 1.357300 ms  DeleteObjects: 0.067600 ms)

========================================================================
Received Prepare
Registering precompiled user dll's ...
Registered in 0.000829 seconds.
Begin MonoManager ReloadAssembly
Native extension for WindowsStandalone target not found
Refreshing native plugins compatible for Editor in 0.20 ms, found 0 plugins.
Preloading 0 native plugins for Editor in 0.00 ms.
Mono: successfully reloaded assembly
- Completed reload, in  0.802 seconds
Platform modules already initialized, skipping
Refreshing native plugins compatible for Editor in 0.20 ms, found 0 plugins.
Preloading 0 native plugins for Editor in 0.00 ms.
Unloading 1112 Unused Serialized files (Serialized files now loaded: 0)
System memory in use before: 74.0 MB.
System memory in use after: 74.1 MB.

Unloading 5 unused Assets to reduce memory usage. Loaded Objects now: 1604.
Total: 1.552700 ms (FindLiveObjects: 0.125000 ms CreateObjectMapping: 0.027100 ms MarkObjects: 1.348600 ms  DeleteObjects: 0.050900 ms)

========================================================================
Received Prepare
Registering precompiled user dll's ...
Registered in 0.000830 seconds.
Begin MonoManager ReloadAssembly
Native extension for WindowsStandalone target not found
Refreshing native plugins compatible for Editor in 0.20 ms, found 0 plugins.
Preloading 0 native plugins for Editor in 0.00 ms.
Mono: successfully reloaded assembly
- Completed reload, in  0.806 seconds
Platform modules already initialized, skipping
Refreshing native plugins compatible for Editor in 0.31 ms, found 0 plugins.
Preloading 0 native plugins for Editor in 0.00 ms.
Unloading 1112 Unused Serialized files (Serialized files now loaded: 0)
System memory in use before: 74.0 MB.
System memory in use after: 74.1 MB.

Unloading 5 unused Assets to reduce memory usage. Loaded Objects now: 1607.
Total: 2.459000 ms (FindLiveObjects: 0.297300 ms CreateObjectMapping: 0.169600 ms MarkObjects: 1.924200 ms  DeleteObjects: 0.065700 ms)

========================================================================
Received Prepare
Registering precompiled user dll's ...
Registered in 0.000762 seconds.
Begin MonoManager ReloadAssembly
Native extension for WindowsStandalone target not found
Refreshing native plugins compatible for Editor in 0.20 ms, found 0 plugins.
Preloading 0 native plugins for Editor in 0.00 ms.
Mono: successfully reloaded assembly
- Completed reload, in  0.820 seconds
Platform modules already initialized, skipping
Refreshing native plugins compatible for Editor in 0.22 ms, found 0 plugins.
Preloading 0 native plugins for Editor in 0.00 ms.
Unloading 1112 Unused Serialized files (Serialized files now loaded: 0)
System memory in use before: 74.0 MB.
System memory in use after: 74.1 MB.

Unloading 5 unused Assets to reduce memory usage. Loaded Objects now: 1610.
Total: 1.782300 ms (FindLiveObjects: 0.131700 ms CreateObjectMapping: 0.025700 ms MarkObjects: 1.566200 ms  DeleteObjects: 0.057800 ms)

========================================================================
Received Import Request.
  Time since last request: 946.133794 seconds.
  path: Assets/Prefabs/Animal_Fox_01.prefab
  artifactKey: Guid(c52d5d725a324cf45be429129411b541) Importer(815301076,1909f56bfc062723c751e8b465ee728b)
Start importing Assets/Prefabs/Animal_Fox_01.prefab using Guid(c52d5d725a324cf45be429129411b541) Importer(815301076,1909f56bfc062723c751e8b465ee728b)  -> (artifact id: 'e9e656e2a58d0377cfd8be841b444b18') in 0.075464 seconds
  Import took 0.078363 seconds .

========================================================================
Received Import Request.
  Time since last request: 3.565071 seconds.
  path: Assets/Prefabs/Animal_Moose_01.prefab
  artifactKey: Guid(d8d33def217a39543ac355630bb171a5) Importer(815301076,1909f56bfc062723c751e8b465ee728b)
Start importing Assets/Prefabs/Animal_Moose_01.prefab using Guid(d8d33def217a39543ac355630bb171a5) Importer(815301076,1909f56bfc062723c751e8b465ee728b)  -> (artifact id: '019d0c206ea10ed153b0f187baf6a77e') in 0.023532 seconds
  Import took 0.027017 seconds .

========================================================================
Received Import Request.
  Time since last request: 4.050177 seconds.
  path: Assets/Prefabs/Animal_Stag_02.prefab
  artifactKey: Guid(e9ea2c1677498b646afbbfafeede18f4) Importer(815301076,1909f56bfc062723c751e8b465ee728b)
Start importing Assets/Prefabs/Animal_Stag_02.prefab using Guid(e9ea2c1677498b646afbbfafeede18f4) Importer(815301076,1909f56bfc062723c751e8b465ee728b)  -> (artifact id: '3f3d96b2c177762e2b5386efe11ba41b') in 0.025451 seconds
  Import took 0.028350 seconds .

========================================================================
Received Prepare
Registering precompiled user dll's ...
Registered in 0.000878 seconds.
Begin MonoManager ReloadAssembly
Native extension for WindowsStandalone target not found
Refreshing native plugins compatible for Editor in 0.23 ms, found 0 plugins.
Preloading 0 native plugins for Editor in 0.00 ms.
Mono: successfully reloaded assembly
- Completed reload, in  0.785 seconds
Platform modules already initialized, skipping
Refreshing native plugins compatible for Editor in 0.20 ms, found 0 plugins.
Preloading 0 native plugins for Editor in 0.00 ms.
Unloading 1112 Unused Serialized files (Serialized files now loaded: 0)
System memory in use before: 74.0 MB.
System memory in use after: 74.1 MB.

Unloading 5 unused Assets to reduce memory usage. Loaded Objects now: 1614.
Total: 1.495900 ms (FindLiveObjects: 0.113400 ms CreateObjectMapping: 0.025800 ms MarkObjects: 1.309900 ms  DeleteObjects: 0.046000 ms)

========================================================================
Received Import Request.
  Time since last request: 416.885725 seconds.
  path: Assets/Scripts/DestroyOutOfBounds.cs
  artifactKey: Guid(b691f82893e9ae94ab09d9dfd2535b56) Importer(815301076,1909f56bfc062723c751e8b465ee728b)
Start importing Assets/Scripts/DestroyOutOfBounds.cs using Guid(b691f82893e9ae94ab09d9dfd2535b56) Importer(815301076,1909f56bfc062723c751e8b465ee728b)  -> (artifact id: '42d890e85fe1b4c6a7b17104e246d906') in 0.010865 seconds
  Import took 0.012824 seconds .

========================================================================
Received Prepare
Registering precompiled user dll's ...
Registered in 0.000745 seconds.
Begin MonoManager ReloadAssembly
Native extension for WindowsStandalone target not found
Refreshing native plugins compatible for Editor in 0.20 ms, found 0 plugins.
Preloading 0 native plugins for Editor in 0.00 ms.
Mono: successfully reloaded assembly
- Completed reload, in  0.812 seconds
Platform modules already initialized, skipping
Refreshing native plugins compatible for Editor in 0.21 ms, found 0 plugins.
Preloading 0 native plugins for Editor in 0.00 ms.
Unloading 1113 Unused Serialized files (Serialized files now loaded: 0)
System memory in use before: 74.1 MB.
System memory in use after: 74.1 MB.

Unloading 5 unused Assets to reduce memory usage. Loaded Objects now: 1618.
Total: 1.963500 ms (FindLiveObjects: 0.120800 ms CreateObjectMapping: 0.026600 ms MarkObjects: 1.753700 ms  DeleteObjects: 0.061000 ms)

========================================================================
Received Prepare
Registering precompiled user dll's ...
Registered in 0.000739 seconds.
Begin MonoManager ReloadAssembly
Native extension for WindowsStandalone target not found
Refreshing native plugins compatible for Editor in 0.19 ms, found 0 plugins.
Preloading 0 native plugins for Editor in 0.00 ms.
Mono: successfully reloaded assembly
- Completed reload, in  0.802 seconds
Platform modules already initialized, skipping
Refreshing native plugins compatible for Editor in 0.20 ms, found 0 plugins.
Preloading 0 native plugins for Editor in 0.00 ms.
Unloading 1113 Unused Serialized files (Serialized files now loaded: 0)
System memory in use before: 74.1 MB.
System memory in use after: 74.2 MB.

Unloading 5 unused Assets to reduce memory usage. Loaded Objects now: 1621.
Total: 1.513800 ms (FindLiveObjects: 0.116600 ms CreateObjectMapping: 0.025900 ms MarkObjects: 1.319200 ms  DeleteObjects: 0.050600 ms)

========================================================================
Received Import Request.
  Time since last request: 107.303024 seconds.
  path: Assets/Scripts/DestroyOutOfBounds.cs
  artifactKey: Guid(b691f82893e9ae94ab09d9dfd2535b56) Importer(815301076,1909f56bfc062723c751e8b465ee728b)
Start importing Assets/Scripts/DestroyOutOfBounds.cs using Guid(b691f82893e9ae94ab09d9dfd2535b56) Importer(815301076,1909f56bfc062723c751e8b465ee728b)  -> (artifact id: 'f7ef1607f1d01ae917d75efc4a73d68d') in 0.004845 seconds
  Import took 0.006607 seconds .

========================================================================
Received Import Request.
  Time since last request: 70.278508 seconds.
  path: Assets/Prefabs/Food_Pizza_01.prefab
  artifactKey: Guid(3485ef389a80ae24b9f67feb00aea90f) Importer(815301076,1909f56bfc062723c751e8b465ee728b)
Start importing Assets/Prefabs/Food_Pizza_01.prefab using Guid(3485ef389a80ae24b9f67feb00aea90f) Importer(815301076,1909f56bfc062723c751e8b465ee728b)  -> (artifact id: '262f74b1834f8c500793956971d48ac0') in 0.053438 seconds
  Import took 0.055408 seconds .

========================================================================
Received Import Request.
  Time since last request: 0.004167 seconds.
  path: Assets/Prefabs/Food_Pizza_01.prefab
  artifactKey: Guid(3485ef389a80ae24b9f67feb00aea90f) Importer(815301076,1909f56bfc062723c751e8b465ee728b)
Start importing Assets/Prefabs/Food_Pizza_01.prefab using Guid(3485ef389a80ae24b9f67feb00aea90f) Importer(815301076,1909f56bfc062723c751e8b465ee728b)  -> (artifact id: '262f74b1834f8c500793956971d48ac0') in 0.010168 seconds
  Import took 0.012025 seconds .

========================================================================
Received Import Request.
  Time since last request: 3.604663 seconds.
  path: Assets/Prefabs/Animal_Stag_02.prefab
  artifactKey: Guid(e9ea2c1677498b646afbbfafeede18f4) Importer(815301076,1909f56bfc062723c751e8b465ee728b)
Start importing Assets/Prefabs/Animal_Stag_02.prefab using Guid(e9ea2c1677498b646afbbfafeede18f4) Importer(815301076,1909f56bfc062723c751e8b465ee728b)  -> (artifact id: '1ea65d4f81c73464a956585687978b63') in 0.026605 seconds
  Import took 0.029099 seconds .

========================================================================
Received Import Request.
  Time since last request: 0.003921 seconds.
  path: Assets/Prefabs/Animal_Stag_02.prefab
  artifactKey: Guid(e9ea2c1677498b646afbbfafeede18f4) Importer(815301076,1909f56bfc062723c751e8b465ee728b)
Start importing Assets/Prefabs/Animal_Stag_02.prefab using Guid(e9ea2c1677498b646afbbfafeede18f4) Importer(815301076,1909f56bfc062723c751e8b465ee728b)  -> (artifact id: '1ea65d4f81c73464a956585687978b63') in 0.015558 seconds
  Import took 0.017733 seconds .

========================================================================
Received Import Request.
  Time since last request: 1.053962 seconds.
  path: Assets/Prefabs/Animal_Moose_01.prefab
  artifactKey: Guid(d8d33def217a39543ac355630bb171a5) Importer(815301076,1909f56bfc062723c751e8b465ee728b)
Start importing Assets/Prefabs/Animal_Moose_01.prefab using Guid(d8d33def217a39543ac355630bb171a5) Importer(815301076,1909f56bfc062723c751e8b465ee728b)  -> (artifact id: 'de5b44745c5b4dececfc4e61773c6075') in 0.016146 seconds
  Import took 0.018610 seconds .

========================================================================
Received Import Request.
  Time since last request: 1.216572 seconds.
  path: Assets/Prefabs/Animal_Fox_01.prefab
  artifactKey: Guid(c52d5d725a324cf45be429129411b541) Importer(815301076,1909f56bfc062723c751e8b465ee728b)
Start importing Assets/Prefabs/Animal_Fox_01.prefab using Guid(c52d5d725a324cf45be429129411b541) Importer(815301076,1909f56bfc062723c751e8b465ee728b)  -> (artifact id: '3d61fe6773d0752ddba84678afca34d8') in 0.016554 seconds
  Import took 0.019212 seconds .

========================================================================
Received Prepare
Registering precompiled user dll's ...
Registered in 0.000792 seconds.
Begin MonoManager ReloadAssembly
Native extension for WindowsStandalone target not found
Refreshing native plugins compatible for Editor in 0.20 ms, found 0 plugins.
Preloading 0 native plugins for Editor in 0.00 ms.
Mono: successfully reloaded assembly
- Completed reload, in  0.812 seconds
Platform modules already initialized, skipping
Refreshing native plugins compatible for Editor in 0.20 ms, found 0 plugins.
Preloading 0 native plugins for Editor in 0.00 ms.
Unloading 1113 Unused Serialized files (Serialized files now loaded: 0)
System memory in use before: 74.1 MB.
System memory in use after: 74.2 MB.

Unloading 5 unused Assets to reduce memory usage. Loaded Objects now: 1625.
Total: 1.582400 ms (FindLiveObjects: 0.127900 ms CreateObjectMapping: 0.027400 ms MarkObjects: 1.377000 ms  DeleteObjects: 0.049100 ms)

========================================================================
Received Import Request.
  Time since last request: 296.348709 seconds.
  path: Assets/Scripts/SpawnManager.cs
  artifactKey: Guid(7211edbc0c990c94e960c350e5cacfeb) Importer(815301076,1909f56bfc062723c751e8b465ee728b)
Start importing Assets/Scripts/SpawnManager.cs using Guid(7211edbc0c990c94e960c350e5cacfeb) Importer(815301076,1909f56bfc062723c751e8b465ee728b)  -> (artifact id: '30ab30c7a4799d9ffe6008ab558481c4') in 0.011233 seconds
  Import took 0.013154 seconds .

========================================================================
Received Prepare
Registering precompiled user dll's ...
Registered in 0.000687 seconds.
Begin MonoManager ReloadAssembly
Native extension for WindowsStandalone target not found
Refreshing native plugins compatible for Editor in 0.26 ms, found 0 plugins.
Preloading 0 native plugins for Editor in 0.00 ms.
Mono: successfully reloaded assembly
- Completed reload, in  0.853 seconds
Platform modules already initialized, skipping
Refreshing native plugins compatible for Editor in 0.20 ms, found 0 plugins.
Preloading 0 native plugins for Editor in 0.00 ms.
Unloading 1114 Unused Serialized files (Serialized files now loaded: 0)
System memory in use before: 74.1 MB.
System memory in use after: 74.2 MB.

Unloading 5 unused Assets to reduce memory usage. Loaded Objects now: 1629.
Total: 1.542800 ms (FindLiveObjects: 0.127400 ms CreateObjectMapping: 0.027400 ms MarkObjects: 1.332800 ms  DeleteObjects: 0.054200 ms)

========================================================================
Received Prepare
Registering precompiled user dll's ...
Registered in 0.000732 seconds.
Begin MonoManager ReloadAssembly
Native extension for WindowsStandalone target not found
Refreshing native plugins compatible for Editor in 0.20 ms, found 0 plugins.
Preloading 0 native plugins for Editor in 0.00 ms.
Mono: successfully reloaded assembly
- Completed reload, in  0.783 seconds
Platform modules already initialized, skipping
Refreshing native plugins compatible for Editor in 0.19 ms, found 0 plugins.
Preloading 0 native plugins for Editor in 0.00 ms.
Unloading 1114 Unused Serialized files (Serialized files now loaded: 0)
System memory in use before: 74.1 MB.
System memory in use after: 74.2 MB.

Unloading 5 unused Assets to reduce memory usage. Loaded Objects now: 1632.
Total: 2.088400 ms (FindLiveObjects: 0.169300 ms CreateObjectMapping: 0.040000 ms MarkObjects: 1.820000 ms  DeleteObjects: 0.057400 ms)

========================================================================
Received Import Request.
  Time since last request: 23.348464 seconds.
  path: Assets/Scripts/SpawnManager.cs
  artifactKey: Guid(7211edbc0c990c94e960c350e5cacfeb) Importer(815301076,1909f56bfc062723c751e8b465ee728b)
Start importing Assets/Scripts/SpawnManager.cs using Guid(7211edbc0c990c94e960c350e5cacfeb) Importer(815301076,1909f56bfc062723c751e8b465ee728b)  -> (artifact id: '3e7aec6e83b12dff09cbe135c7b0210a') in 0.004566 seconds
  Import took 0.006245 seconds .

AssetImportWorkerClient::OnTransportError - code=2 error=End of file
